<?xml version="1.0" encoding="UTF-8"?>
<!-- Generated by org.testng.reporters.JUnitXMLReporter -->
<testsuite ignored="2" hostname="IN3228390W1" failures="0" tests="3" name="Test" time="253.554" errors="0" timestamp="19 May 2022 12:51:50 GMT">
  <testcase classname="com.leafBot.testcases.TC003_CreateLead" name="createLead" time="132.531"/>
  <testcase classname="com.leafBot.testcases.TC004_EditLead" name="editLead" time="163.939"/>
  <testcase classname="com.leafBot.testcases.TC003_CreateLead" name="createLead" time="58.476"/>
  <testcase classname="utils.Reporter" name="@AfterSuite stopReport" time="0.0">
    <ignored/>
  </testcase> <!-- @AfterSuite stopReport -->
  <testcase classname="utils.Reporter" name="@BeforeSuite startReport" time="0.0">
    <ignored/>
  </testcase> <!-- @BeforeSuite startReport -->
</testsuite> <!-- Test -->
