<?xml version="1.0" encoding="UTF-8"?>
<testng-results ignored="2" total="5" passed="3" failed="0" skipped="0">
  <reporter-output>
  </reporter-output>
  <suite started-at="2022-05-19T12:47:36Z" name="Suite" finished-at="2022-05-19T12:51:50Z" duration-ms="253554">
    <groups>
      <group name="cucumber">
        <method signature="AbstractTestNGCucumberTests.runScenario(cucumber.api.testng.PickleEventWrapper, cucumber.api.testng.CucumberFeatureWrapper)[pri:0, instance:com.leafBot.testcases.TC003_CreateLead@2d710f1a]" name="runScenario" class="cucumber.api.testng.AbstractTestNGCucumberTests"/>
        <method signature="AbstractTestNGCucumberTests.runScenario(cucumber.api.testng.PickleEventWrapper, cucumber.api.testng.CucumberFeatureWrapper)[pri:0, instance:com.leafBot.testcases.TC004_EditLead@29215f06]" name="runScenario" class="cucumber.api.testng.AbstractTestNGCucumberTests"/>
      </group> <!-- cucumber -->
    </groups>
    <test started-at="2022-05-19T12:47:36Z" name="Test" finished-at="2022-05-19T12:51:50Z" duration-ms="253554">
      <class name="com.leafBot.testcases.TC003_CreateLead">
        <test-method is-config="true" signature="startReport()[pri:0, instance:com.leafBot.testcases.TC003_CreateLead@2d710f1a]" started-at="2022-05-19T12:47:36Z" name="startReport" finished-at="2022-05-19T12:47:36Z" duration-ms="298" status="PASS">
          <reporter-output>
          </reporter-output>
        </test-method> <!-- startReport -->
        <test-method is-config="true" signature="setData()[pri:0, instance:com.leafBot.testcases.TC004_EditLead@29215f06]" started-at="2022-05-19T12:47:36Z" name="setData" finished-at="2022-05-19T12:47:36Z" duration-ms="0" status="PASS">
          <reporter-output>
          </reporter-output>
        </test-method> <!-- setData -->
        <test-method is-config="true" signature="setData()[pri:0, instance:com.leafBot.testcases.TC003_CreateLead@2d710f1a]" started-at="2022-05-19T12:47:36Z" name="setData" finished-at="2022-05-19T12:47:36Z" duration-ms="0" status="PASS">
          <reporter-output>
          </reporter-output>
        </test-method> <!-- setData -->
        <test-method is-config="true" signature="setUpClass()[pri:0, instance:com.leafBot.testcases.TC003_CreateLead@2d710f1a]" started-at="2022-05-19T12:47:36Z" name="setUpClass" finished-at="2022-05-19T12:47:36Z" duration-ms="88" status="PASS">
          <reporter-output>
          </reporter-output>
        </test-method> <!-- setUpClass -->
        <test-method is-config="true" signature="report()[pri:0, instance:com.leafBot.testcases.TC003_CreateLead@2d710f1a]" started-at="2022-05-19T12:47:36Z" name="report" finished-at="2022-05-19T12:47:36Z" duration-ms="5" status="PASS">
          <reporter-output>
          </reporter-output>
        </test-method> <!-- report -->
        <test-method is-config="true" signature="beforeMethod()[pri:0, instance:com.leafBot.testcases.TC003_CreateLead@2d710f1a]" started-at="2022-05-19T12:47:37Z" name="beforeMethod" finished-at="2022-05-19T12:48:16Z" duration-ms="39000" status="PASS">
          <reporter-output>
          </reporter-output>
        </test-method> <!-- beforeMethod -->
        <test-method signature="createLead(java.lang.String, java.lang.String, java.lang.String, java.lang.String, java.lang.String, java.lang.String)[pri:0, instance:com.leafBot.testcases.TC003_CreateLead@2d710f1a]" started-at="2022-05-19T12:48:16Z" name="createLead" data-provider="fetchData" finished-at="2022-05-19T12:50:28Z" duration-ms="132531" status="PASS">
          <params>
            <param index="0">
              <value>
                <![CDATA[DemoSalesManager]]>
              </value>
            </param>
            <param index="1">
              <value>
                <![CDATA[crmsfa]]>
              </value>
            </param>
            <param index="2">
              <value>
                <![CDATA[TestLeaf]]>
              </value>
            </param>
            <param index="3">
              <value>
                <![CDATA[Babu]]>
              </value>
            </param>
            <param index="4">
              <value>
                <![CDATA[M]]>
              </value>
            </param>
            <param index="5">
              <value>
                <![CDATA[babu@testleaf.com]]>
              </value>
            </param>
          </params>
          <reporter-output>
          </reporter-output>
        </test-method> <!-- createLead -->
        <test-method is-config="true" signature="afterMethod()[pri:0, instance:com.leafBot.testcases.TC003_CreateLead@2d710f1a]" started-at="2022-05-19T12:50:28Z" name="afterMethod" finished-at="2022-05-19T12:50:29Z" duration-ms="1211" status="PASS">
          <reporter-output>
          </reporter-output>
        </test-method> <!-- afterMethod -->
        <test-method is-config="true" signature="beforeMethod()[pri:0, instance:com.leafBot.testcases.TC003_CreateLead@2d710f1a]" started-at="2022-05-19T12:50:29Z" name="beforeMethod" finished-at="2022-05-19T12:50:50Z" duration-ms="20975" status="PASS">
          <reporter-output>
          </reporter-output>
        </test-method> <!-- beforeMethod -->
        <test-method signature="createLead(java.lang.String, java.lang.String, java.lang.String, java.lang.String, java.lang.String, java.lang.String)[pri:0, instance:com.leafBot.testcases.TC003_CreateLead@2d710f1a]" started-at="2022-05-19T12:50:50Z" name="createLead" data-provider="fetchData" finished-at="2022-05-19T12:51:49Z" duration-ms="58476" status="PASS">
          <params>
            <param index="0">
              <value>
                <![CDATA[DemoSalesManager]]>
              </value>
            </param>
            <param index="1">
              <value>
                <![CDATA[crmsfa]]>
              </value>
            </param>
            <param index="2">
              <value>
                <![CDATA[Qeagle]]>
              </value>
            </param>
            <param index="3">
              <value>
                <![CDATA[Gopinath]]>
              </value>
            </param>
            <param index="4">
              <value>
                <![CDATA[Jayakumar]]>
              </value>
            </param>
            <param index="5">
              <value>
                <![CDATA[gopinath@testleaf.com]]>
              </value>
            </param>
          </params>
          <reporter-output>
          </reporter-output>
        </test-method> <!-- createLead -->
        <test-method is-config="true" signature="afterMethod()[pri:0, instance:com.leafBot.testcases.TC003_CreateLead@2d710f1a]" started-at="2022-05-19T12:51:49Z" name="afterMethod" finished-at="2022-05-19T12:51:50Z" duration-ms="745" status="PASS">
          <reporter-output>
          </reporter-output>
        </test-method> <!-- afterMethod -->
        <test-method is-config="true" signature="tearDownClass()[pri:0, instance:com.leafBot.testcases.TC003_CreateLead@2d710f1a]" started-at="2022-05-19T12:51:50Z" name="tearDownClass" finished-at="2022-05-19T12:51:50Z" duration-ms="1" status="PASS">
          <reporter-output>
          </reporter-output>
        </test-method> <!-- tearDownClass -->
        <test-method is-config="true" signature="stopReport()[pri:0, instance:com.leafBot.testcases.TC003_CreateLead@2d710f1a]" started-at="2022-05-19T12:51:50Z" name="stopReport" finished-at="2022-05-19T12:51:50Z" duration-ms="644" status="PASS">
          <reporter-output>
          </reporter-output>
        </test-method> <!-- stopReport -->
      </class> <!-- com.leafBot.testcases.TC003_CreateLead -->
      <class name="com.leafBot.testcases.TC004_EditLead">
        <test-method is-config="true" signature="setUpClass()[pri:0, instance:com.leafBot.testcases.TC004_EditLead@29215f06]" started-at="2022-05-19T12:47:36Z" name="setUpClass" finished-at="2022-05-19T12:47:36Z" duration-ms="87" status="PASS">
          <reporter-output>
          </reporter-output>
        </test-method> <!-- setUpClass -->
        <test-method is-config="true" signature="report()[pri:0, instance:com.leafBot.testcases.TC004_EditLead@29215f06]" started-at="2022-05-19T12:47:36Z" name="report" finished-at="2022-05-19T12:47:36Z" duration-ms="5" status="PASS">
          <reporter-output>
          </reporter-output>
        </test-method> <!-- report -->
        <test-method is-config="true" signature="beforeMethod()[pri:0, instance:com.leafBot.testcases.TC004_EditLead@29215f06]" started-at="2022-05-19T12:47:37Z" name="beforeMethod" finished-at="2022-05-19T12:48:14Z" duration-ms="36840" status="PASS">
          <reporter-output>
          </reporter-output>
        </test-method> <!-- beforeMethod -->
        <test-method signature="editLead(java.lang.String, java.lang.String, java.lang.String, java.lang.String)[pri:0, instance:com.leafBot.testcases.TC004_EditLead@29215f06]" started-at="2022-05-19T12:48:14Z" name="editLead" data-provider="fetchData" finished-at="2022-05-19T12:50:57Z" duration-ms="163939" status="PASS">
          <params>
            <param index="0">
              <value>
                <![CDATA[DemoSalesManager]]>
              </value>
            </param>
            <param index="1">
              <value>
                <![CDATA[crmsfa]]>
              </value>
            </param>
            <param index="2">
              <value>
                <![CDATA[Babu]]>
              </value>
            </param>
            <param index="3">
              <value>
                <![CDATA[TestLeaf - Ver2]]>
              </value>
            </param>
          </params>
          <reporter-output>
          </reporter-output>
        </test-method> <!-- editLead -->
        <test-method is-config="true" signature="afterMethod()[pri:0, instance:com.leafBot.testcases.TC004_EditLead@29215f06]" started-at="2022-05-19T12:50:57Z" name="afterMethod" finished-at="2022-05-19T12:50:59Z" duration-ms="1633" status="PASS">
          <reporter-output>
          </reporter-output>
        </test-method> <!-- afterMethod -->
        <test-method is-config="true" signature="tearDownClass()[pri:0, instance:com.leafBot.testcases.TC004_EditLead@29215f06]" started-at="2022-05-19T12:50:59Z" name="tearDownClass" finished-at="2022-05-19T12:50:59Z" duration-ms="6" status="PASS">
          <reporter-output>
          </reporter-output>
        </test-method> <!-- tearDownClass -->
      </class> <!-- com.leafBot.testcases.TC004_EditLead -->
    </test> <!-- Test -->
  </suite> <!-- Suite -->
</testng-results>
